e:\visualstudio\source\practicefunction\refo\debug\vc141.pdb
e:\visualstudio\source\practicefunction\refo\debug\vc141.idb
e:\visualstudio\source\practicefunction\refo\debug\refo.obj
e:\visualstudio\source\practicefunction\refo\debug\main.obj
e:\visualstudio\source\practicefunction\debug\practicerefo.exe
e:\visualstudio\source\practicefunction\debug\practicerefo.ilk
e:\visualstudio\source\practicefunction\debug\practicerefo.pdb
e:\visualstudio\source\practicecpp\practicefunction\refo\debug\main.obj
e:\visualstudio\source\practicecpp\practicefunction\refo\debug\refo.obj
e:\visualstudio\source\practicecpp\practicefunction\refo\debug\vc141.idb
e:\visualstudio\source\practicecpp\practicefunction\refo\debug\vc141.pdb
e:\visualstudio\source\practicecpp\practicefunction\debug\practicerefo.pdb
e:\visualstudio\source\practicecpp\practicefunction\debug\practicerefo.exe
e:\visualstudio\source\practicecpp\practicefunction\debug\practicerefo.ilk
e:\visualstudio\source\practicecpp\practicefunction\refo\debug\practicerefo.tlog\cl.command.1.tlog
e:\visualstudio\source\practicecpp\practicefunction\refo\debug\practicerefo.tlog\cl.read.1.tlog
e:\visualstudio\source\practicecpp\practicefunction\refo\debug\practicerefo.tlog\cl.write.1.tlog
e:\visualstudio\source\practicecpp\practicefunction\refo\debug\practicerefo.tlog\link.command.1.tlog
e:\visualstudio\source\practicecpp\practicefunction\refo\debug\practicerefo.tlog\link.read.1.tlog
e:\visualstudio\source\practicecpp\practicefunction\refo\debug\practicerefo.tlog\link.write.1.tlog
